app/build/outputs/logs/manifest-merger-debug-report.txt
-- Merging decision tree log ---
manifest
ADDED from src/main/AndroidManifest.xml:2:1-57:12
INJECTED from src/main/AndroidManifest.xml:2:1-57:12
INJECTED from src/main/AndroidManifest.xml:2:1-57:12
INJECTED from src/main/AndroidManifest.xml:2:1-57:12
MERGED from [com.android.support:appcompat-v7:22.0.0] AndroidManifest.xml:17:1-24:12
MERGED from [com.android.support:support-v4:22.0.0] AndroidManifest.xml:17:1-24:12
INJECTED from src/main/AndroidManifest.xml:2:1-57:12
INJECTED from src/main/AndroidManifest.xml:2:1-57:12
INJECTED from src/main/AndroidManifest.xml:2:1-57:12
	package
		ADDED from src/main/AndroidManifest.xml:3:5-42
		INJECTED from src/main/AndroidManifest.xml
		INJECTED from src/main/AndroidManifest.xml
	android:versionName
		INJECTED from src/main/AndroidManifest.xml
		ADDED from src/main/AndroidManifest.xml:2:1-57:12
		INJECTED from src/main/AndroidManifest.xml
	android:versionCode
		INJECTED from src/main/AndroidManifest.xml
		ADDED from src/main/AndroidManifest.xml:2:1-57:12
		INJECTED from src/main/AndroidManifest.xml
	xmlns:android
		ADDED from src/main/AndroidManifest.xml:2:11-69
uses-permission#android.permission.ACCESS_NETWORK_STATE
ADDED from src/main/AndroidManifest.xml:5:5-79
	android:name
		ADDED from src/main/AndroidManifest.xml:5:22-76
uses-permission#android.permission.INTERNET
ADDED from src/main/AndroidManifest.xml:6:5-67
	android:name
		ADDED from src/main/AndroidManifest.xml:6:22-64
uses-permission#android.permission.WRITE_EXTERNAL_STORAGE
ADDED from src/main/AndroidManifest.xml:7:5-81
	android:name
		ADDED from src/main/AndroidManifest.xml:7:22-78
uses-permission#android.permission.read_external_storage
ADDED from src/main/AndroidManifest.xml:8:5-80
	android:name
		ADDED from src/main/AndroidManifest.xml:8:22-77
uses-permission#android.permission.ACCESS_WIFI_STATE
ADDED from src/main/AndroidManifest.xml:9:5-76
	android:name
		ADDED from src/main/AndroidManifest.xml:9:22-73
uses-permission#android.permission.CHANGE_WIFI_STATE
ADDED from src/main/AndroidManifest.xml:10:5-92
	android:name
		ADDED from src/main/AndroidManifest.xml:10:22-73
uses-permission#android.permission.CHANGE_NETWORK_STATE
ADDED from src/main/AndroidManifest.xml:11:5-95
	android:name
		ADDED from src/main/AndroidManifest.xml:11:22-76
application
ADDED from src/main/AndroidManifest.xml:14:5-55:19
MERGED from [com.android.support:appcompat-v7:22.0.0] AndroidManifest.xml:22:5-20
MERGED from [com.android.support:appcompat-v7:22.0.0] AndroidManifest.xml:22:5-20
MERGED from [com.android.support:support-v4:22.0.0] AndroidManifest.xml:22:5-20
MERGED from [com.android.support:support-v4:22.0.0] AndroidManifest.xml:22:5-20
	android:label
		ADDED from src/main/AndroidManifest.xml:18:9-41
	android:icon
		ADDED from src/main/AndroidManifest.xml:17:9-39
	android:allowBackup
		ADDED from src/main/AndroidManifest.xml:16:9-35
	android:theme
		ADDED from src/main/AndroidManifest.xml:19:9-40
activity#cn.sunflyer.simplenetkeeper.ConfigRouter
ADDED from src/main/AndroidManifest.xml:20:9-28:20
	android:label
		ADDED from src/main/AndroidManifest.xml:22:13-45
	android:theme
		ADDED from src/main/AndroidManifest.xml:23:13-71
	android:name
		ADDED from src/main/AndroidManifest.xml:21:13-41
intent-filter#action:name:android.intent.action.MAIN+category:name:android.intent.category.LAUNCHER
ADDED from src/main/AndroidManifest.xml:24:13-27:29
action#android.intent.action.MAIN
ADDED from src/main/AndroidManifest.xml:25:17-69
	android:name
		ADDED from src/main/AndroidManifest.xml:25:25-66
category#android.intent.category.LAUNCHER
ADDED from src/main/AndroidManifest.xml:26:17-77
	android:name
		ADDED from src/main/AndroidManifest.xml:26:27-74
activity#cn.sunflyer.simplenetkeeper.FirstRun
ADDED from src/main/AndroidManifest.xml:29:9-33:20
	android:configChanges
		ADDED from src/main/AndroidManifest.xml:31:13-74
	android:theme
		ADDED from src/main/AndroidManifest.xml:32:13-71
	android:name
		ADDED from src/main/AndroidManifest.xml:30:13-37
activity#cn.sunflyer.simplenetkeeper.OntimeDial
ADDED from src/main/AndroidManifest.xml:34:9-38:20
	android:configChanges
		ADDED from src/main/AndroidManifest.xml:36:13-74
	android:theme
		ADDED from src/main/AndroidManifest.xml:37:13-71
	android:name
		ADDED from src/main/AndroidManifest.xml:35:13-39
activity#cn.sunflyer.simplenetkeeper.AccountActivity
ADDED from src/main/AndroidManifest.xml:39:9-43:20
	android:configChanges
		ADDED from src/main/AndroidManifest.xml:41:13-74
	android:theme
		ADDED from src/main/AndroidManifest.xml:42:13-71
	android:name
		ADDED from src/main/AndroidManifest.xml:40:13-44
activity#cn.sunflyer.simplenetkeeper.Options
ADDED from src/main/AndroidManifest.xml:44:9-48:20
	android:configChanges
		ADDED from src/main/AndroidManifest.xml:46:13-74
	android:theme
		ADDED from src/main/AndroidManifest.xml:47:13-71
	android:name
		ADDED from src/main/AndroidManifest.xml:45:13-36
receiver#cn.sunflyer.simplenetkeeper.BackgroundDialerReceiver
ADDED from src/main/AndroidManifest.xml:49:9-54:20
	android:name
		ADDED from src/main/AndroidManifest.xml:49:19-59
intent-filter#action:name:cn.sunflyer.simplenetkeeper.svc.startService+action:name:cn.sunflyer.simplenetkeeper.svc.startServiceHeartBeat
ADDED from src/main/AndroidManifest.xml:50:13-53:29
action#cn.sunflyer.simplenetkeeper.svc.startService
ADDED from src/main/AndroidManifest.xml:51:17-94
	android:name
		ADDED from src/main/AndroidManifest.xml:51:25-84
action#cn.sunflyer.simplenetkeeper.svc.startServiceHeartBeat
ADDED from src/main/AndroidManifest.xml:52:17-103
	android:name
		ADDED from src/main/AndroidManifest.xml:52:25-93
uses-sdk
INJECTED from src/main/AndroidManifest.xml reason: use-sdk injection requested
INJECTED from src/main/AndroidManifest.xml
INJECTED from src/main/AndroidManifest.xml
MERGED from [com.android.support:appcompat-v7:22.0.0] AndroidManifest.xml:20:5-43
MERGED from [com.android.support:appcompat-v7:22.0.0] AndroidManifest.xml:20:5-43
MERGED from [com.android.support:support-v4:22.0.0] AndroidManifest.xml:20:5-43
MERGED from [com.android.support:support-v4:22.0.0] AndroidManifest.xml:20:5-43
INJECTED from src/main/AndroidManifest.xml
INJECTED from src/main/AndroidManifest.xml
	android:targetSdkVersion
		INJECTED from src/main/AndroidManifest.xml
		ADDED from src/main/AndroidManifest.xml
		INJECTED from src/main/AndroidManifest.xml
	android:minSdkVersion
		INJECTED from src/main/AndroidManifest.xml
		ADDED from src/main/AndroidManifest.xml
		INJECTED from src/main/AndroidManifest.xml